Index bin_13.fna...
[bwa_index] Pack FASTA... 0.01 sec
[bwa_index] Construct BWT for the packed sequence...
[bwa_index] 0.73 seconds elapse.
[bwa_index] Update BWT... 0.02 sec
[bwa_index] Pack forward-only FASTA... 0.01 sec
[bwa_index] Construct SA from BWT and Occ... 0.30 sec
[main] Version: 0.7.18-r1243-dirty
[main] CMD: bwa index /home/liri5181/genome_analysis_project/analyses/dna/04_annotation/prokka_output/bin_13/bin_13.fna
[main] Real time: 1.163 sec; CPU: 1.080 sec
Index bin_15.fna...
[bwa_index] Pack FASTA... 0.01 sec
[bwa_index] Construct BWT for the packed sequence...
[bwa_index] 0.52 seconds elapse.
[bwa_index] Update BWT... 0.01 sec
[bwa_index] Pack forward-only FASTA... 0.01 sec
[bwa_index] Construct SA from BWT and Occ... 0.23 sec
[main] Version: 0.7.18-r1243-dirty
[main] CMD: bwa index /home/liri5181/genome_analysis_project/analyses/dna/04_annotation/prokka_output/bin_15/bin_15.fna
[main] Real time: 0.852 sec; CPU: 0.789 sec
Index bin_17.fna...
[bwa_index] Pack FASTA... 0.02 sec
[bwa_index] Construct BWT for the packed sequence...
[bwa_index] 1.02 seconds elapse.
[bwa_index] Update BWT... 0.01 sec
[bwa_index] Pack forward-only FASTA... 0.03 sec
[bwa_index] Construct SA from BWT and Occ... 0.40 sec
[main] Version: 0.7.18-r1243-dirty
[main] CMD: bwa index /home/liri5181/genome_analysis_project/analyses/dna/04_annotation/prokka_output/bin_17/bin_17.fna
[main] Real time: 1.582 sec; CPU: 1.491 sec
Index bin_18.fna...
[bwa_index] Pack FASTA... 0.01 sec
[bwa_index] Construct BWT for the packed sequence...
[bwa_index] 0.33 seconds elapse.
[bwa_index] Update BWT... 0.01 sec
[bwa_index] Pack forward-only FASTA... 0.01 sec
[bwa_index] Construct SA from BWT and Occ... 0.17 sec
[main] Version: 0.7.18-r1243-dirty
[main] CMD: bwa index /home/liri5181/genome_analysis_project/analyses/dna/04_annotation/prokka_output/bin_18/bin_18.fna
[main] Real time: 0.607 sec; CPU: 0.539 sec
Index bin_22.fna...
[bwa_index] Pack FASTA... 0.02 sec
[bwa_index] Construct BWT for the packed sequence...
[bwa_index] 0.85 seconds elapse.
[bwa_index] Update BWT... 0.01 sec
[bwa_index] Pack forward-only FASTA... 0.02 sec
[bwa_index] Construct SA from BWT and Occ... 0.34 sec
[main] Version: 0.7.18-r1243-dirty
[main] CMD: bwa index /home/liri5181/genome_analysis_project/analyses/dna/04_annotation/prokka_output/bin_22/bin_22.fna
[main] Real time: 1.361 sec; CPU: 1.251 sec
Index bin_2.fna...
[bwa_index] Pack FASTA... 0.02 sec
[bwa_index] Construct BWT for the packed sequence...
[bwa_index] 1.38 seconds elapse.
[bwa_index] Update BWT... 0.02 sec
[bwa_index] Pack forward-only FASTA... 0.02 sec
[bwa_index] Construct SA from BWT and Occ... 0.48 sec
[main] Version: 0.7.18-r1243-dirty
[main] CMD: bwa index /home/liri5181/genome_analysis_project/analyses/dna/04_annotation/prokka_output/bin_2/bin_2.fna
[main] Real time: 2.059 sec; CPU: 1.931 sec
Index bin_31.fna...
[bwa_index] Pack FASTA... 0.01 sec
[bwa_index] Construct BWT for the packed sequence...
[bwa_index] 0.44 seconds elapse.
[bwa_index] Update BWT... 0.02 sec
[bwa_index] Pack forward-only FASTA... 0.01 sec
[bwa_index] Construct SA from BWT and Occ... 0.20 sec
[main] Version: 0.7.18-r1243-dirty
[main] CMD: bwa index /home/liri5181/genome_analysis_project/analyses/dna/04_annotation/prokka_output/bin_31/bin_31.fna
[main] Real time: 0.771 sec; CPU: 0.698 sec
Index bin_40.fna...
[bwa_index] Pack FASTA... 0.01 sec
[bwa_index] Construct BWT for the packed sequence...
[bwa_index] 0.71 seconds elapse.
[bwa_index] Update BWT... 0.03 sec
[bwa_index] Pack forward-only FASTA... 0.01 sec
[bwa_index] Construct SA from BWT and Occ... 0.30 sec
[main] Version: 0.7.18-r1243-dirty
[main] CMD: bwa index /home/liri5181/genome_analysis_project/analyses/dna/04_annotation/prokka_output/bin_40/bin_40.fna
[main] Real time: 1.164 sec; CPU: 1.064 sec
Index bin_44.fna...
[bwa_index] Pack FASTA... 0.01 sec
[bwa_index] Construct BWT for the packed sequence...
[bwa_index] 0.40 seconds elapse.
[bwa_index] Update BWT... 0.01 sec
[bwa_index] Pack forward-only FASTA... 0.00 sec
[bwa_index] Construct SA from BWT and Occ... 0.20 sec
[main] Version: 0.7.18-r1243-dirty
[main] CMD: bwa index /home/liri5181/genome_analysis_project/analyses/dna/04_annotation/prokka_output/bin_44/bin_44.fna
[main] Real time: 0.686 sec; CPU: 0.628 sec
Index bin_8.fna...
[bwa_index] Pack FASTA... 0.01 sec
[bwa_index] Construct BWT for the packed sequence...
[bwa_index] 0.45 seconds elapse.
[bwa_index] Update BWT... 0.01 sec
[bwa_index] Pack forward-only FASTA... 0.01 sec
[bwa_index] Construct SA from BWT and Occ... 0.22 sec
[main] Version: 0.7.18-r1243-dirty
[main] CMD: bwa index /home/liri5181/genome_analysis_project/analyses/dna/04_annotation/prokka_output/bin_8/bin_8.fna
[main] Real time: 0.773 sec; CPU: 0.714 sec
Map RNA-reads to bin_13...
[M::bwa_idx_load_from_disk] read 0 ALT contigs
[M::process] read 206842 sequences (20000037 bp)...
[M::process] read 210030 sequences (20000019 bp)...
[M::mem_pestat] # candidate unique pairs for (FF, FR, RF, RR): (0, 435, 0, 0)
[M::mem_pestat] skip orientation FF as there are not enough pairs
[M::mem_pestat] analyzing insert size distribution for orientation FR...
[M::mem_pestat] (25, 50, 75) percentile: (61, 79, 135)
[M::mem_pestat] low and high boundaries for computing mean and std.dev: (1, 283)
[M::mem_pestat] mean and std.dev: (103.00, 55.04)
[M::mem_pestat] low and high boundaries for proper pairs: (1, 357)
[M::mem_pestat] skip orientation RF as there are not enough pairs
[M::mem_pestat] skip orientation RR as there are not enough pairs
[M::mem_process_seqs] Processed 206842 reads in 11.332 CPU sec, 5.717 real sec
[M::process] read 212638 sequences (20000101 bp)...
[M::mem_pestat] # candidate unique pairs for (FF, FR, RF, RR): (0, 396, 0, 0)
[M::mem_pestat] skip orientation FF as there are not enough pairs
[M::mem_pestat] analyzing insert size distribution for orientation FR...
[M::mem_pestat] (25, 50, 75) percentile: (61, 79, 127)
[M::mem_pestat] low and high boundaries for computing mean and std.dev: (1, 259)
[M::mem_pestat] mean and std.dev: (96.67, 49.96)
[M::mem_pestat] low and high boundaries for proper pairs: (1, 325)
[M::mem_pestat] skip orientation RF as there are not enough pairs
[M::mem_pestat] skip orientation RR as there are not enough pairs
[M::mem_process_seqs] Processed 210030 reads in 11.460 CPU sec, 6.388 real sec
[M::process] read 207904 sequences (20000046 bp)...
[M::mem_pestat] # candidate unique pairs for (FF, FR, RF, RR): (0, 372, 0, 0)
[M::mem_pestat] skip orientation FF as there are not enough pairs
[M::mem_pestat] analyzing insert size distribution for orientation FR...
[M::mem_pestat] (25, 50, 75) percentile: (61, 81, 135)
[M::mem_pestat] low and high boundaries for computing mean and std.dev: (1, 283)
[M::mem_pestat] mean and std.dev: (102.55, 57.21)
[M::mem_pestat] low and high boundaries for proper pairs: (1, 357)
[M::mem_pestat] skip orientation RF as there are not enough pairs
[M::mem_pestat] skip orientation RR as there are not enough pairs
[M::mem_process_seqs] Processed 212638 reads in 11.118 CPU sec, 5.803 real sec
[M::process] read 214180 sequences (20000061 bp)...
[M::mem_pestat] # candidate unique pairs for (FF, FR, RF, RR): (0, 407, 0, 0)
[M::mem_pestat] skip orientation FF as there are not enough pairs
[M::mem_pestat] analyzing insert size distribution for orientation FR...
[M::mem_pestat] (25, 50, 75) percentile: (65, 92, 135)
[M::mem_pestat] low and high boundaries for computing mean and std.dev: (1, 275)
[M::mem_pestat] mean and std.dev: (106.15, 55.83)
[M::mem_pestat] low and high boundaries for proper pairs: (1, 345)
[M::mem_pestat] skip orientation RF as there are not enough pairs
[M::mem_pestat] skip orientation RR as there are not enough pairs
[M::mem_process_seqs] Processed 207904 reads in 10.914 CPU sec, 5.590 real sec
[M::process] read 214824 sequences (20000087 bp)...
[M::mem_pestat] # candidate unique pairs for (FF, FR, RF, RR): (0, 337, 0, 0)
[M::mem_pestat] skip orientation FF as there are not enough pairs
[M::mem_pestat] analyzing insert size distribution for orientation FR...
[M::mem_pestat] (25, 50, 75) percentile: (61, 86, 135)
[M::mem_pestat] low and high boundaries for computing mean and std.dev: (1, 283)
[M::mem_pestat] mean and std.dev: (102.74, 53.49)
[M::mem_pestat] low and high boundaries for proper pairs: (1, 357)
[M::mem_pestat] skip orientation RF as there are not enough pairs
[M::mem_pestat] skip orientation RR as there are not enough pairs
[M::mem_process_seqs] Processed 214180 reads in 10.967 CPU sec, 5.610 real sec
[M::process] read 213174 sequences (20000155 bp)...
[M::mem_pestat] # candidate unique pairs for (FF, FR, RF, RR): (0, 307, 1, 0)
[M::mem_pestat] skip orientation FF as there are not enough pairs
[M::mem_pestat] analyzing insert size distribution for orientation FR...
[M::mem_pestat] (25, 50, 75) percentile: (61, 86, 135)
[M::mem_pestat] low and high boundaries for computing mean and std.dev: (1, 283)
[M::mem_pestat] mean and std.dev: (102.25, 53.69)
[M::mem_pestat] low and high boundaries for proper pairs: (1, 357)
[M::mem_pestat] skip orientation RF as there are not enough pairs
[M::mem_pestat] skip orientation RR as there are not enough pairs
[M::mem_process_seqs] Processed 214824 reads in 11.227 CPU sec, 5.815 real sec
[M::process] read 215464 sequences (20000187 bp)...
[M::mem_pestat] # candidate unique pairs for (FF, FR, RF, RR): (0, 338, 0, 0)
[M::mem_pestat] skip orientation FF as there are not enough pairs
[M::mem_pestat] analyzing insert size distribution for orientation FR...
[M::mem_pestat] (25, 50, 75) percentile: (68, 92, 138)
[M::mem_pestat] low and high boundaries for computing mean and std.dev: (1, 278)
[M::mem_pestat] mean and std.dev: (107.05, 56.10)
[M::mem_pestat] low and high boundaries for proper pairs: (1, 348)
[M::mem_pestat] skip orientation RF as there are not enough pairs
[M::mem_pestat] skip orientation RR as there are not enough pairs
[M::mem_process_seqs] Processed 213174 reads in 11.372 CPU sec, 5.831 real sec
[M::process] read 103152 sequences (9090744 bp)...
[M::mem_pestat] # candidate unique pairs for (FF, FR, RF, RR): (0, 350, 0, 0)
[M::mem_pestat] skip orientation FF as there are not enough pairs
[M::mem_pestat] analyzing insert size distribution for orientation FR...
[M::mem_pestat] (25, 50, 75) percentile: (64, 86, 139)
[M::mem_pestat] low and high boundaries for computing mean and std.dev: (1, 289)
[M::mem_pestat] mean and std.dev: (105.97, 57.03)
[M::mem_pestat] low and high boundaries for proper pairs: (1, 364)
[M::mem_pestat] skip orientation RF as there are not enough pairs
[M::mem_pestat] skip orientation RR as there are not enough pairs
[M::mem_process_seqs] Processed 215464 reads in 10.597 CPU sec, 5.479 real sec
[M::mem_pestat] # candidate unique pairs for (FF, FR, RF, RR): (0, 108, 0, 0)
[M::mem_pestat] skip orientation FF as there are not enough pairs
[M::mem_pestat] analyzing insert size distribution for orientation FR...
[M::mem_pestat] (25, 50, 75) percentile: (61, 79, 135)
[M::mem_pestat] low and high boundaries for computing mean and std.dev: (1, 283)
[M::mem_pestat] mean and std.dev: (101.30, 59.61)
[M::mem_pestat] low and high boundaries for proper pairs: (1, 357)
[M::mem_pestat] skip orientation RF as there are not enough pairs
[M::mem_pestat] skip orientation RR as there are not enough pairs
[M::mem_process_seqs] Processed 103152 reads in 4.914 CPU sec, 3.704 real sec
[main] Version: 0.7.18-r1243-dirty
[main] CMD: bwa mem -t 2 /home/liri5181/genome_analysis_project/analyses/dna/04_annotation/prokka_output/bin_13/bin_13.fna /home/liri5181/genome_analysis_project/data/trimmed_data/SRR4342137.1_trimmed.fastq.gz /home/liri5181/genome_analysis_project/data/trimmed_data/SRR4342137.2_trimmed.fastq.gz
[main] Real time: 50.670 sec; CPU: 94.534 sec
[bam_sort_core] merging from 0 files and 2 in-memory blocks...
Index BAM file for bin_13...
Map RNA-reads to bin_15...
[M::bwa_idx_load_from_disk] read 0 ALT contigs
[M::process] read 206842 sequences (20000037 bp)...
[M::process] read 210030 sequences (20000019 bp)...
[M::mem_pestat] # candidate unique pairs for (FF, FR, RF, RR): (0, 3, 0, 0)
[M::mem_pestat] skip orientation FF as there are not enough pairs
[M::mem_pestat] skip orientation FR as there are not enough pairs
[M::mem_pestat] skip orientation RF as there are not enough pairs
[M::mem_pestat] skip orientation RR as there are not enough pairs
[M::mem_process_seqs] Processed 206842 reads in 11.997 CPU sec, 6.036 real sec
[M::process] read 212638 sequences (20000101 bp)...
[M::mem_pestat] # candidate unique pairs for (FF, FR, RF, RR): (0, 6, 0, 0)
[M::mem_pestat] skip orientation FF as there are not enough pairs
[M::mem_pestat] skip orientation FR as there are not enough pairs
[M::mem_pestat] skip orientation RF as there are not enough pairs
[M::mem_pestat] skip orientation RR as there are not enough pairs
[M::mem_process_seqs] Processed 210030 reads in 12.414 CPU sec, 6.425 real sec
[M::process] read 207904 sequences (20000046 bp)...
[M::mem_pestat] # candidate unique pairs for (FF, FR, RF, RR): (0, 1, 0, 0)
[M::mem_pestat] skip orientation FF as there are not enough pairs
[M::mem_pestat] skip orientation FR as there are not enough pairs
[M::mem_pestat] skip orientation RF as there are not enough pairs
[M::mem_pestat] skip orientation RR as there are not enough pairs
[M::mem_process_seqs] Processed 212638 reads in 12.282 CPU sec, 6.275 real sec
[M::process] read 214180 sequences (20000061 bp)...
[M::mem_pestat] # candidate unique pairs for (FF, FR, RF, RR): (0, 4, 0, 0)
[M::mem_pestat] skip orientation FF as there are not enough pairs
[M::mem_pestat] skip orientation FR as there are not enough pairs
[M::mem_pestat] skip orientation RF as there are not enough pairs
[M::mem_pestat] skip orientation RR as there are not enough pairs
[M::mem_process_seqs] Processed 207904 reads in 12.248 CPU sec, 6.553 real sec
[M::process] read 214824 sequences (20000087 bp)...
[M::mem_pestat] # candidate unique pairs for (FF, FR, RF, RR): (0, 0, 0, 0)
[M::mem_pestat] skip orientation FF as there are not enough pairs
[M::mem_pestat] skip orientation FR as there are not enough pairs
[M::mem_pestat] skip orientation RF as there are not enough pairs
[M::mem_pestat] skip orientation RR as there are not enough pairs
[M::mem_process_seqs] Processed 214180 reads in 11.884 CPU sec, 6.227 real sec
[M::process] read 213174 sequences (20000155 bp)...
[M::mem_pestat] # candidate unique pairs for (FF, FR, RF, RR): (0, 1, 0, 0)
[M::mem_pestat] skip orientation FF as there are not enough pairs
[M::mem_pestat] skip orientation FR as there are not enough pairs
[M::mem_pestat] skip orientation RF as there are not enough pairs
[M::mem_pestat] skip orientation RR as there are not enough pairs
[M::mem_process_seqs] Processed 214824 reads in 11.855 CPU sec, 6.905 real sec
[M::process] read 215464 sequences (20000187 bp)...
[M::mem_pestat] # candidate unique pairs for (FF, FR, RF, RR): (0, 2, 0, 0)
[M::mem_pestat] skip orientation FF as there are not enough pairs
[M::mem_pestat] skip orientation FR as there are not enough pairs
[M::mem_pestat] skip orientation RF as there are not enough pairs
[M::mem_pestat] skip orientation RR as there are not enough pairs
[M::mem_process_seqs] Processed 213174 reads in 12.628 CPU sec, 7.558 real sec
[M::process] read 103152 sequences (9090744 bp)...
[M::mem_pestat] # candidate unique pairs for (FF, FR, RF, RR): (0, 1, 0, 0)
[M::mem_pestat] skip orientation FF as there are not enough pairs
[M::mem_pestat] skip orientation FR as there are not enough pairs
[M::mem_pestat] skip orientation RF as there are not enough pairs
[M::mem_pestat] skip orientation RR as there are not enough pairs
[M::mem_process_seqs] Processed 215464 reads in 11.814 CPU sec, 7.159 real sec
[M::mem_pestat] # candidate unique pairs for (FF, FR, RF, RR): (0, 2, 0, 0)
[M::mem_pestat] skip orientation FF as there are not enough pairs
[M::mem_pestat] skip orientation FR as there are not enough pairs
[M::mem_pestat] skip orientation RF as there are not enough pairs
[M::mem_pestat] skip orientation RR as there are not enough pairs
[M::mem_process_seqs] Processed 103152 reads in 5.410 CPU sec, 2.869 real sec
[main] Version: 0.7.18-r1243-dirty
[main] CMD: bwa mem -t 2 /home/liri5181/genome_analysis_project/analyses/dna/04_annotation/prokka_output/bin_15/bin_15.fna /home/liri5181/genome_analysis_project/data/trimmed_data/SRR4342137.1_trimmed.fastq.gz /home/liri5181/genome_analysis_project/data/trimmed_data/SRR4342137.2_trimmed.fastq.gz
[main] Real time: 56.686 sec; CPU: 103.168 sec
[bam_sort_core] merging from 0 files and 2 in-memory blocks...
Index BAM file for bin_15...
Map RNA-reads to bin_17...
[M::bwa_idx_load_from_disk] read 0 ALT contigs
[M::process] read 206842 sequences (20000037 bp)...
[M::process] read 210030 sequences (20000019 bp)...
[M::mem_pestat] # candidate unique pairs for (FF, FR, RF, RR): (0, 127, 0, 0)
[M::mem_pestat] skip orientation FF as there are not enough pairs
[M::mem_pestat] analyzing insert size distribution for orientation FR...
[M::mem_pestat] (25, 50, 75) percentile: (57, 125, 169)
[M::mem_pestat] low and high boundaries for computing mean and std.dev: (1, 393)
[M::mem_pestat] mean and std.dev: (127.83, 71.72)
[M::mem_pestat] low and high boundaries for proper pairs: (1, 505)
[M::mem_pestat] skip orientation RF as there are not enough pairs
[M::mem_pestat] skip orientation RR as there are not enough pairs
[M::mem_process_seqs] Processed 206842 reads in 12.691 CPU sec, 6.611 real sec
[M::process] read 212638 sequences (20000101 bp)...
[M::mem_pestat] # candidate unique pairs for (FF, FR, RF, RR): (0, 119, 0, 0)
[M::mem_pestat] skip orientation FF as there are not enough pairs
[M::mem_pestat] analyzing insert size distribution for orientation FR...
[M::mem_pestat] (25, 50, 75) percentile: (57, 127, 172)
[M::mem_pestat] low and high boundaries for computing mean and std.dev: (1, 402)
[M::mem_pestat] mean and std.dev: (124.01, 67.27)
[M::mem_pestat] low and high boundaries for proper pairs: (1, 517)
[M::mem_pestat] skip orientation RF as there are not enough pairs
[M::mem_pestat] skip orientation RR as there are not enough pairs
[M::mem_process_seqs] Processed 210030 reads in 13.080 CPU sec, 6.863 real sec
[M::process] read 207904 sequences (20000046 bp)...
[M::mem_pestat] # candidate unique pairs for (FF, FR, RF, RR): (0, 98, 0, 0)
[M::mem_pestat] skip orientation FF as there are not enough pairs
[M::mem_pestat] analyzing insert size distribution for orientation FR...
[M::mem_pestat] (25, 50, 75) percentile: (47, 127, 173)
[M::mem_pestat] low and high boundaries for computing mean and std.dev: (1, 425)
[M::mem_pestat] mean and std.dev: (125.81, 71.05)
[M::mem_pestat] low and high boundaries for proper pairs: (1, 551)
[M::mem_pestat] skip orientation RF as there are not enough pairs
[M::mem_pestat] skip orientation RR as there are not enough pairs
[M::mem_process_seqs] Processed 212638 reads in 12.758 CPU sec, 6.988 real sec
[M::process] read 214180 sequences (20000061 bp)...
[M::mem_pestat] # candidate unique pairs for (FF, FR, RF, RR): (0, 108, 0, 0)
[M::mem_pestat] skip orientation FF as there are not enough pairs
[M::mem_pestat] analyzing insert size distribution for orientation FR...
[M::mem_pestat] (25, 50, 75) percentile: (57, 150, 189)
[M::mem_pestat] low and high boundaries for computing mean and std.dev: (1, 453)
[M::mem_pestat] mean and std.dev: (136.01, 72.73)
[M::mem_pestat] low and high boundaries for proper pairs: (1, 585)
[M::mem_pestat] skip orientation RF as there are not enough pairs
[M::mem_pestat] skip orientation RR as there are not enough pairs
[M::mem_process_seqs] Processed 207904 reads in 12.577 CPU sec, 7.973 real sec
[M::process] read 214824 sequences (20000087 bp)...
[M::mem_pestat] # candidate unique pairs for (FF, FR, RF, RR): (0, 118, 0, 0)
[M::mem_pestat] skip orientation FF as there are not enough pairs
[M::mem_pestat] analyzing insert size distribution for orientation FR...
[M::mem_pestat] (25, 50, 75) percentile: (69, 134, 167)
[M::mem_pestat] low and high boundaries for computing mean and std.dev: (1, 363)
[M::mem_pestat] mean and std.dev: (130.41, 70.96)
[M::mem_pestat] low and high boundaries for proper pairs: (1, 461)
[M::mem_pestat] skip orientation RF as there are not enough pairs
[M::mem_pestat] skip orientation RR as there are not enough pairs
[M::mem_process_seqs] Processed 214180 reads in 12.515 CPU sec, 6.543 real sec
[M::process] read 213174 sequences (20000155 bp)...
[M::mem_pestat] # candidate unique pairs for (FF, FR, RF, RR): (0, 92, 0, 0)
[M::mem_pestat] skip orientation FF as there are not enough pairs
[M::mem_pestat] analyzing insert size distribution for orientation FR...
[M::mem_pestat] (25, 50, 75) percentile: (52, 112, 166)
[M::mem_pestat] low and high boundaries for computing mean and std.dev: (1, 394)
[M::mem_pestat] mean and std.dev: (120.27, 67.75)
[M::mem_pestat] low and high boundaries for proper pairs: (1, 508)
[M::mem_pestat] skip orientation RF as there are not enough pairs
[M::mem_pestat] skip orientation RR as there are not enough pairs
[M::mem_process_seqs] Processed 214824 reads in 12.785 CPU sec, 6.666 real sec
[M::process] read 215464 sequences (20000187 bp)...
[M::mem_pestat] # candidate unique pairs for (FF, FR, RF, RR): (0, 123, 0, 0)
[M::mem_pestat] skip orientation FF as there are not enough pairs
[M::mem_pestat] analyzing insert size distribution for orientation FR...
[M::mem_pestat] (25, 50, 75) percentile: (57, 122, 176)
[M::mem_pestat] low and high boundaries for computing mean and std.dev: (1, 414)
[M::mem_pestat] mean and std.dev: (127.87, 68.33)
[M::mem_pestat] low and high boundaries for proper pairs: (1, 533)
[M::mem_pestat] skip orientation RF as there are not enough pairs
[M::mem_pestat] skip orientation RR as there are not enough pairs
[M::mem_process_seqs] Processed 213174 reads in 12.932 CPU sec, 8.269 real sec
[M::process] read 103152 sequences (9090744 bp)...
[M::mem_pestat] # candidate unique pairs for (FF, FR, RF, RR): (0, 107, 0, 0)
[M::mem_pestat] skip orientation FF as there are not enough pairs
[M::mem_pestat] analyzing insert size distribution for orientation FR...
[M::mem_pestat] (25, 50, 75) percentile: (68, 136, 192)
[M::mem_pestat] low and high boundaries for computing mean and std.dev: (1, 440)
[M::mem_pestat] mean and std.dev: (142.60, 88.46)
[M::mem_pestat] low and high boundaries for proper pairs: (1, 564)
[M::mem_pestat] skip orientation RF as there are not enough pairs
[M::mem_pestat] skip orientation RR as there are not enough pairs
[M::mem_process_seqs] Processed 215464 reads in 12.219 CPU sec, 6.664 real sec
[M::mem_pestat] # candidate unique pairs for (FF, FR, RF, RR): (0, 37, 0, 0)
[M::mem_pestat] skip orientation FF as there are not enough pairs
[M::mem_pestat] analyzing insert size distribution for orientation FR...
[M::mem_pestat] (25, 50, 75) percentile: (100, 134, 182)
[M::mem_pestat] low and high boundaries for computing mean and std.dev: (1, 346)
[M::mem_pestat] mean and std.dev: (134.58, 63.36)
[M::mem_pestat] low and high boundaries for proper pairs: (1, 428)
[M::mem_pestat] skip orientation RF as there are not enough pairs
[M::mem_pestat] skip orientation RR as there are not enough pairs
[M::mem_process_seqs] Processed 103152 reads in 5.421 CPU sec, 3.214 real sec
[main] Version: 0.7.18-r1243-dirty
[main] CMD: bwa mem -t 2 /home/liri5181/genome_analysis_project/analyses/dna/04_annotation/prokka_output/bin_17/bin_17.fna /home/liri5181/genome_analysis_project/data/trimmed_data/SRR4342137.1_trimmed.fastq.gz /home/liri5181/genome_analysis_project/data/trimmed_data/SRR4342137.2_trimmed.fastq.gz
[main] Real time: 60.506 sec; CPU: 107.612 sec
[bam_sort_core] merging from 0 files and 2 in-memory blocks...
Index BAM file for bin_17...
Map RNA-reads to bin_18...
